<?xml version="1.0" encoding="UTF-8" ?>
<testsuites>
 <testsuite name="meme App" timestamp="2017-09-18T00:14:26" hostname="localhost" time="19.843" errors="0" tests="12" skipped="0" disabled="0" failures="0">
  <testcase classname="meme App" name="should register a user" time="2.941" />
  <testcase classname="meme App" name="should login test user" time="1.532" />
  <testcase classname="meme App" name="should create a new article and validate the article appears in the feed" time="1.485" />
  <testcase classname="meme App" name="should edit an article and validate the article text has updated" time="1.992" />
  <testcase classname="meme App" name="should update the status headline and verify the change" time="1.406" />
  <testcase classname="meme App" name="should count the number of followed users" time="1.34" />
  <testcase classname="meme App" name="should Add the user &quot;Follower&quot; to the list of followed users and verify the count increases by one" time="1.694" />
  <testcase classname="meme App" name="should Remove the user &quot;Follower&quot; from the list of followed users and verify the count decreases by one" time="1.448" />
  <testcase classname="meme App" name="should Search for Only One Article Like This and verify only one article shows and verify the author" time="1.063" />
  <testcase classname="meme App" name="should Navigate to the profile view Update the users email and verify" time="1.515" />
  <testcase classname="meme App" name="should Navigate to the profile view Update the users zipcode and verify" time="1.545" />
  <testcase classname="meme App" name="should Navigate to the profile view Update the users password and verify" time="1.878" />
 </testsuite>
</testsuites>